<?xml version="1.0" encoding="UTF-8"?>
<!-- Generated by org.testng.reporters.JUnitReportReporter -->
<testsuite skipped="0" hostname="DESKTOP-4DQP79R" name="libraries.testExecution" tests="1" failures="0" timestamp="2021-07-13T14:41:45 IST" time="0.007" errors="0">
  <testcase name="test" time="0.007" classname="libraries.testExecution"/>
  <system-out/>
</testsuite> <!-- libraries.testExecution -->
