<?xml version="1.0" encoding="UTF-8"?>
<!-- Generated by org.testng.reporters.JUnitReportReporter -->
<testsuite skipped="0" hostname="DESKTOP-4DQP79R" name="testrunner.TestRunner" tests="1" failures="0" timestamp="2021-07-21T16:49:32 IST" time="22.581" errors="0">
  <testcase name="runScenario" time="22.581" classname="testrunner.TestRunner"/>
  <system-out/>
</testsuite> <!-- testrunner.TestRunner -->
