<?xml version="1.0" encoding="UTF-8"?>
<!-- Generated by org.testng.reporters.JUnitReportReporter -->
<testsuite skipped="0" hostname="DESKTOP-4DQP79R" name="testrunner.TestRunner" tests="1" failures="0" timestamp="2021-07-14T14:41:26 IST" time="0.690" errors="0">
  <testcase name="runScenario" time="0.690" classname="testrunner.TestRunner"/>
  <system-out/>
</testsuite> <!-- testrunner.TestRunner -->
