<?xml version="1.0" encoding="UTF-8"?>
<!-- Generated by org.testng.reporters.JUnitReportReporter -->
<testsuite skipped="0" hostname="DESKTOP-4DQP79R" name="testrunner.TestRunner" tests="1" failures="0" timestamp="2021-07-16T03:27:51 IST" time="12.140" errors="0">
  <testcase name="runScenario" time="12.140" classname="testrunner.TestRunner"/>
  <system-out/>
</testsuite> <!-- testrunner.TestRunner -->
